*1111-geng*
*2222-geng*
3333
4444
555
666
777
888
1111
2222
3333
4444
Started by GitHub push by zhaoxi-GMZ
Running as SYSTEM
Building in workspace /var/jenkins_home/workspace/pipeline-compile-xuzijing
using credential 8e412beb-8b1d-4980-a5a3-a54e63fa11bc
 > git rev-parse --is-inside-work-tree # timeout=10
Fetching changes from the remote Git repository
 > git config remote.origin.url https://github.com/zhaoxi-GMZ/Pipeline.git # timeout=10
Fetching upstream changes from https://github.com/zhaoxi-GMZ/Pipeline.git
 > git --version # timeout=10
using GIT_ASKPASS to set credentials pipeline-github
 > git fetch --tags --progress -- https://github.com/zhaoxi-GMZ/Pipeline.git +refs/heads/*:refs/remotes/origin/* # timeout=10
 > git rev-parse origin/xuzijing^{commit} # timeout=10
Checking out Revision c0d50e85c095c7041100f321d13b1d964050deff (origin/xuzijing)
 > git config core.sparsecheckout # timeout=10
 > git checkout -f c0d50e85c095c7041100f321d13b1d964050deff # timeout=10
Commit message: "geng-3.20-21:14"
 > git rev-list --no-walk 2d45fa10968244223a7853ca6a62fb60e12f6177 # timeout=10
[pipeline-compile-xuzijing] $ /bin/sh -xe /tmp/jenkins3116022592596919891.sh
+ echo http://39.106.124.113:8080/job/pipeline-compile-xuzijing/3/
http://39.106.124.113:8080/job/pipeline-compile-xuzijing/3/
Parsing POMs
Established TCP socket on 37742
[pipeline-compile-xuzijing] $ /usr/java/jdk1.8.0_231-amd64/bin/java -cp /var/jenkins_home/plugins/maven-plugin/WEB-INF/lib/maven35-agent-1.13.jar:/home/henry/softws/apache-maven-3.6.2/boot/plexus-classworlds-2.6.0.jar:/home/henry/softws/apache-maven-3.6.2/conf/logging jenkins.maven3.agent.Maven35Main /home/henry/softws/apache-maven-3.6.2 /var/jenkins_home/war/WEB-INF/lib/remoting-3.36.1.jar /var/jenkins_home/plugins/maven-plugin/WEB-INF/lib/maven35-interceptor-1.13.jar /var/jenkins_home/plugins/maven-plugin/WEB-INF/lib/maven3-interceptor-commons-1.13.jar 37742
<===[JENKINS REMOTING CAPACITY]===>   channel started
Executing Maven:  -B -f /var/jenkins_home/workspace/pipeline-compile-xuzijing/pom.xml test-compile
[INFO] Scanning for projects...
[INFO] 
[INFO] -------------------------< cn.sjzc:helloworld >-------------------------
[INFO] Building helloworld Maven Webapp 0.0.1-SNAPSHOT
[INFO] --------------------------------[ war ]---------------------------------
[INFO] 
[8mha:////4AVZAm4GOqoiu78Pm/QY6VZ/ImLEN7rqg5u8P3qLoVtTAAAAYB+LCAAAAAAAAP9b85aBtbiIQSmjNKU4P0+vJLE4u1gvPjexLDVPzxdEGvvmZ+X75ZekLlOVfvTjc8FPJgaGiiIGKaiG5Py84vycVD1nCA1SyAABjCCFBQCV27OjYAAAAA==[0m[INFO] --- maven-resources-plugin:3.0.2:resources (default-resources) @ helloworld ---
[INFO] Using 'UTF-8' encoding to copy filtered resources.
[INFO] skip non existing resourceDirectory /var/jenkins_home/workspace/pipeline-compile-xuzijing/src/main/resources
[INFO] 
[8mha:////4AVZAm4GOqoiu78Pm/QY6VZ/ImLEN7rqg5u8P3qLoVtTAAAAYB+LCAAAAAAAAP9b85aBtbiIQSmjNKU4P0+vJLE4u1gvPjexLDVPzxdEGvvmZ+X75ZekLlOVfvTjc8FPJgaGiiIGKaiG5Py84vycVD1nCA1SyAABjCCFBQCV27OjYAAAAA==[0m[INFO] --- maven-compiler-plugin:3.7.0:compile (default-compile) @ helloworld ---
[INFO] Nothing to compile - all classes are up to date
[INFO] 
[8mha:////4AVZAm4GOqoiu78Pm/QY6VZ/ImLEN7rqg5u8P3qLoVtTAAAAYB+LCAAAAAAAAP9b85aBtbiIQSmjNKU4P0+vJLE4u1gvPjexLDVPzxdEGvvmZ+X75ZekLlOVfvTjc8FPJgaGiiIGKaiG5Py84vycVD1nCA1SyAABjCCFBQCV27OjYAAAAA==[0m[INFO] --- maven-resources-plugin:3.0.2:testResources (default-testResources) @ helloworld ---
[INFO] Using 'UTF-8' encoding to copy filtered resources.
[INFO] skip non existing resourceDirectory /var/jenkins_home/workspace/pipeline-compile-xuzijing/src/test/resources
[INFO] 
[8mha:////4AVZAm4GOqoiu78Pm/QY6VZ/ImLEN7rqg5u8P3qLoVtTAAAAYB+LCAAAAAAAAP9b85aBtbiIQSmjNKU4P0+vJLE4u1gvPjexLDVPzxdEGvvmZ+X75ZekLlOVfvTjc8FPJgaGiiIGKaiG5Py84vycVD1nCA1SyAABjCCFBQCV27OjYAAAAA==[0m[INFO] --- maven-compiler-plugin:3.7.0:testCompile (default-testCompile) @ helloworld ---
[INFO] Nothing to compile - all classes are up to date
[INFO] ------------------------------------------------------------------------
[INFO] BUILD SUCCESS
[INFO] ------------------------------------------------------------------------
[INFO] Total time:  1.993 s
[INFO] Finished at: 2020-03-20T13:15:23Z
[INFO] ------------------------------------------------------------------------
Waiting for Jenkins to finish collecting data
[JENKINS] Archiving /var/jenkins_home/workspace/pipeline-compile-xuzijing/pom.xml to cn.sjzc/helloworld/0.0.1-SNAPSHOT/helloworld-0.0.1-SNAPSHOT.pom
[pipeline-compile-xuzijing] $ /bin/sh -xe /tmp/jenkins1142641015641918674.sh
channel stopped
+ cp /var/jenkins_home/jobs/pipeline-compile-xuzijing/builds/3/log reports/Compile/xuzijing/pipeline-compile-xuzijing-3.log
